{"C:\\Users\\USER\\OneDrive - The University of Technology\\Documents\\Gooup1-GD3\\src\\config\\passport.js": {"path":"C:\\Users\\USER\\OneDrive - The University of Technology\\Documents\\Gooup1-GD3\\src\\config\\passport.js","statementMap":{"0":{"start":{"line":2,"column":17},"end":{"line":2,"column":36}},"1":{"start":{"line":3,"column":22},"end":{"line":3,"column":56}},"2":{"start":{"line":4,"column":15},"end":{"line":4,"column":32}},"3":{"start":{"line":5,"column":20},"end":{"line":5,"column":54}},"4":{"start":{"line":7,"column":0},"end":{"line":30,"column":3}},"5":{"start":{"line":12,"column":2},"end":{"line":28,"column":3}},"6":{"start":{"line":14,"column":17},"end":{"line":14,"column":55}},"7":{"start":{"line":15,"column":4},"end":{"line":17,"column":5}},"8":{"start":{"line":16,"column":6},"end":{"line":16,"column":76}},"9":{"start":{"line":20,"column":28},"end":{"line":20,"column":71}},"10":{"start":{"line":21,"column":4},"end":{"line":23,"column":5}},"11":{"start":{"line":22,"column":6},"end":{"line":22,"column":60}},"12":{"start":{"line":25,"column":4},"end":{"line":25,"column":28}},"13":{"start":{"line":27,"column":4},"end":{"line":27,"column":21}},"14":{"start":{"line":33,"column":0},"end":{"line":35,"column":3}},"15":{"start":{"line":34,"column":0},"end":{"line":34,"column":26}},"16":{"start":{"line":38,"column":0},"end":{"line":45,"column":3}},"17":{"start":{"line":39,"column":0},"end":{"line":44,"column":1}},"18":{"start":{"line":40,"column":15},"end":{"line":40,"column":54}},"19":{"start":{"line":41,"column":2},"end":{"line":41,"column":19}},"20":{"start":{"line":43,"column":2},"end":{"line":43,"column":12}},"21":{"start":{"line":47,"column":0},"end":{"line":47,"column":26}}},"fnMap":{"0":{"name":"(anonymous_0)","decl":{"start":{"line":11,"column":0},"end":{"line":11,"column":1}},"loc":{"start":{"line":11,"column":33},"end":{"line":29,"column":1}},"line":11},"1":{"name":"(anonymous_1)","decl":{"start":{"line":33,"column":23},"end":{"line":33,"column":24}},"loc":{"start":{"line":33,"column":39},"end":{"line":35,"column":1}},"line":33},"2":{"name":"(anonymous_2)","decl":{"start":{"line":38,"column":25},"end":{"line":38,"column":26}},"loc":{"start":{"line":38,"column":45},"end":{"line":45,"column":1}},"line":38}},"branchMap":{"0":{"loc":{"start":{"line":15,"column":4},"end":{"line":17,"column":5}},"type":"if","locations":[{"start":{"line":15,"column":4},"end":{"line":17,"column":5}},{"start":{},"end":{}}],"line":15},"1":{"loc":{"start":{"line":21,"column":4},"end":{"line":23,"column":5}},"type":"if","locations":[{"start":{"line":21,"column":4},"end":{"line":23,"column":5}},{"start":{},"end":{}}],"line":21}},"s":{"0":1,"1":1,"2":1,"3":1,"4":1,"5":0,"6":0,"7":0,"8":0,"9":0,"10":0,"11":0,"12":0,"13":0,"14":1,"15":0,"16":1,"17":0,"18":0,"19":0,"20":0,"21":1},"f":{"0":0,"1":0,"2":0},"b":{"0":[0,0],"1":[0,0]},"_coverageSchema":"1a1c01bbd47fc00a2c39e90264f33305004495a9","hash":"7e701019ed1279f6bcd8fa855e1066a70371f5ed"}
,"C:\\Users\\USER\\OneDrive - The University of Technology\\Documents\\Gooup1-GD3\\src\\config\\redis.js": {"path":"C:\\Users\\USER\\OneDrive - The University of Technology\\Documents\\Gooup1-GD3\\src\\config\\redis.js","statementMap":{},"fnMap":{},"branchMap":{},"s":{},"f":{},"b":{},"_coverageSchema":"1a1c01bbd47fc00a2c39e90264f33305004495a9","hash":"b6089ceff70a26e5905f35b68f3a8b95b7b382d0"}
,"C:\\Users\\USER\\OneDrive - The University of Technology\\Documents\\Gooup1-GD3\\src\\config\\uploadConfig.js": {"path":"C:\\Users\\USER\\OneDrive - The University of Technology\\Documents\\Gooup1-GD3\\src\\config\\uploadConfig.js","statementMap":{"0":{"start":{"line":2,"column":15},"end":{"line":2,"column":32}},"1":{"start":{"line":3,"column":13},"end":{"line":3,"column":28}},"2":{"start":{"line":6,"column":16},"end":{"line":18,"column":2}},"3":{"start":{"line":8,"column":4},"end":{"line":8,"column":24}},"4":{"start":{"line":11,"column":22},"end":{"line":11,"column":32}},"5":{"start":{"line":12,"column":25},"end":{"line":12,"column":42}},"6":{"start":{"line":13,"column":16},"end":{"line":13,"column":42}},"7":{"start":{"line":14,"column":17},"end":{"line":14,"column":49}},"8":{"start":{"line":15,"column":24},"end":{"line":15,"column":53}},"9":{"start":{"line":16,"column":4},"end":{"line":16,"column":26}},"10":{"start":{"line":22,"column":15},"end":{"line":22,"column":43}},"11":{"start":{"line":24,"column":0},"end":{"line":24,"column":24}}},"fnMap":{"0":{"name":"(anonymous_0)","decl":{"start":{"line":7,"column":15},"end":{"line":7,"column":16}},"loc":{"start":{"line":7,"column":40},"end":{"line":9,"column":3}},"line":7},"1":{"name":"(anonymous_1)","decl":{"start":{"line":10,"column":12},"end":{"line":10,"column":13}},"loc":{"start":{"line":10,"column":31},"end":{"line":17,"column":3}},"line":10}},"branchMap":{},"s":{"0":1,"1":1,"2":1,"3":0,"4":0,"5":0,"6":0,"7":0,"8":0,"9":0,"10":1,"11":1},"f":{"0":0,"1":0},"b":{},"_coverageSchema":"1a1c01bbd47fc00a2c39e90264f33305004495a9","hash":"2519eb659e9048ac659fc075afe5e68335975c5d"}
,"C:\\Users\\USER\\OneDrive - The University of Technology\\Documents\\Gooup1-GD3\\src\\controllers\\emailController.js": {"path":"C:\\Users\\USER\\OneDrive - The University of Technology\\Documents\\Gooup1-GD3\\src\\controllers\\emailController.js","statementMap":{"0":{"start":{"line":1,"column":29},"end":{"line":1,"column":64}},"1":{"start":{"line":3,"column":28},"end":{"line":21,"column":1}},"2":{"start":{"line":4,"column":4},"end":{"line":20,"column":5}},"3":{"start":{"line":5,"column":31},"end":{"line":5,"column":39}},"4":{"start":{"line":6,"column":8},"end":{"line":9,"column":9}},"5":{"start":{"line":7,"column":29},"end":{"line":7,"column":63}},"6":{"start":{"line":8,"column":12},"end":{"line":8,"column":38}},"7":{"start":{"line":10,"column":8},"end":{"line":13,"column":11}},"8":{"start":{"line":15,"column":8},"end":{"line":15,"column":29}},"9":{"start":{"line":16,"column":8},"end":{"line":19,"column":11}},"10":{"start":{"line":23,"column":0},"end":{"line":25,"column":2}}},"fnMap":{"0":{"name":"(anonymous_0)","decl":{"start":{"line":3,"column":28},"end":{"line":3,"column":29}},"loc":{"start":{"line":3,"column":48},"end":{"line":21,"column":1}},"line":3}},"branchMap":{"0":{"loc":{"start":{"line":6,"column":8},"end":{"line":9,"column":9}},"type":"if","locations":[{"start":{"line":6,"column":8},"end":{"line":9,"column":9}},{"start":{},"end":{}}],"line":6}},"s":{"0":1,"1":1,"2":0,"3":0,"4":0,"5":0,"6":0,"7":0,"8":0,"9":0,"10":1},"f":{"0":0},"b":{"0":[0,0]},"_coverageSchema":"1a1c01bbd47fc00a2c39e90264f33305004495a9","hash":"04155524c6a519e872aafa9d509376ed815db380"}
,"C:\\Users\\USER\\OneDrive - The University of Technology\\Documents\\Gooup1-GD3\\src\\controllers\\userController.js": {"path":"C:\\Users\\USER\\OneDrive - The University of Technology\\Documents\\Gooup1-GD3\\src\\controllers\\userController.js","statementMap":{"0":{"start":{"line":1,"column":20},"end":{"line":1,"column":54}},"1":{"start":{"line":2,"column":29},"end":{"line":2,"column":64}},"2":{"start":{"line":3,"column":15},"end":{"line":3,"column":32}},"3":{"start":{"line":4,"column":12},"end":{"line":4,"column":35}},"4":{"start":{"line":5,"column":13},"end":{"line":5,"column":28}},"5":{"start":{"line":8,"column":0},"end":{"line":34,"column":2}},"6":{"start":{"line":9,"column":58},"end":{"line":9,"column":66}},"7":{"start":{"line":10,"column":2},"end":{"line":12,"column":3}},"8":{"start":{"line":11,"column":4},"end":{"line":11,"column":76}},"9":{"start":{"line":14,"column":2},"end":{"line":33,"column":3}},"10":{"start":{"line":15,"column":25},"end":{"line":15,"column":63}},"11":{"start":{"line":16,"column":4},"end":{"line":18,"column":5}},"12":{"start":{"line":17,"column":6},"end":{"line":17,"column":69}},"13":{"start":{"line":20,"column":27},"end":{"line":20,"column":56}},"14":{"start":{"line":21,"column":4},"end":{"line":21,"column":98}},"15":{"start":{"line":23,"column":4},"end":{"line":29,"column":5}},"16":{"start":{"line":24,"column":6},"end":{"line":24,"column":42}},"17":{"start":{"line":25,"column":6},"end":{"line":25,"column":79}},"18":{"start":{"line":27,"column":6},"end":{"line":27,"column":69}},"19":{"start":{"line":28,"column":6},"end":{"line":28,"column":91}},"20":{"start":{"line":31,"column":4},"end":{"line":31,"column":46}},"21":{"start":{"line":32,"column":4},"end":{"line":32,"column":75}},"22":{"start":{"line":36,"column":0},"end":{"line":55,"column":2}},"23":{"start":{"line":37,"column":30},"end":{"line":37,"column":38}},"24":{"start":{"line":38,"column":2},"end":{"line":54,"column":3}},"25":{"start":{"line":39,"column":17},"end":{"line":39,"column":55}},"26":{"start":{"line":40,"column":4},"end":{"line":42,"column":5}},"27":{"start":{"line":41,"column":6},"end":{"line":41,"column":79}},"28":{"start":{"line":44,"column":28},"end":{"line":44,"column":71}},"29":{"start":{"line":45,"column":4},"end":{"line":47,"column":5}},"30":{"start":{"line":46,"column":6},"end":{"line":46,"column":63}},"31":{"start":{"line":49,"column":18},"end":{"line":49,"column":130}},"32":{"start":{"line":50,"column":4},"end":{"line":50,"column":69}},"33":{"start":{"line":52,"column":4},"end":{"line":52,"column":41}},"34":{"start":{"line":53,"column":4},"end":{"line":53,"column":81}},"35":{"start":{"line":57,"column":0},"end":{"line":64,"column":2}},"36":{"start":{"line":58,"column":2},"end":{"line":63,"column":3}},"37":{"start":{"line":59,"column":18},"end":{"line":59,"column":49}},"38":{"start":{"line":60,"column":4},"end":{"line":60,"column":32}},"39":{"start":{"line":62,"column":4},"end":{"line":62,"column":30}},"40":{"start":{"line":65,"column":0},"end":{"line":72,"column":2}},"41":{"start":{"line":66,"column":2},"end":{"line":71,"column":3}},"42":{"start":{"line":67,"column":18},"end":{"line":67,"column":50}},"43":{"start":{"line":68,"column":4},"end":{"line":68,"column":32}},"44":{"start":{"line":70,"column":4},"end":{"line":70,"column":30}},"45":{"start":{"line":74,"column":0},"end":{"line":82,"column":2}},"46":{"start":{"line":75,"column":2},"end":{"line":81,"column":3}},"47":{"start":{"line":76,"column":19},"end":{"line":76,"column":37}},"48":{"start":{"line":77,"column":21},"end":{"line":77,"column":58}},"49":{"start":{"line":78,"column":4},"end":{"line":78,"column":35}},"50":{"start":{"line":80,"column":4},"end":{"line":80,"column":30}},"51":{"start":{"line":84,"column":0},"end":{"line":92,"column":2}},"52":{"start":{"line":85,"column":2},"end":{"line":91,"column":3}},"53":{"start":{"line":86,"column":19},"end":{"line":86,"column":37}},"54":{"start":{"line":87,"column":24},"end":{"line":87,"column":64}},"55":{"start":{"line":88,"column":4},"end":{"line":88,"column":38}},"56":{"start":{"line":90,"column":4},"end":{"line":90,"column":30}},"57":{"start":{"line":94,"column":0},"end":{"line":102,"column":2}},"58":{"start":{"line":95,"column":2},"end":{"line":101,"column":3}},"59":{"start":{"line":96,"column":26},"end":{"line":96,"column":51}},"60":{"start":{"line":97,"column":24},"end":{"line":97,"column":73}},"61":{"start":{"line":98,"column":4},"end":{"line":98,"column":38}},"62":{"start":{"line":100,"column":4},"end":{"line":100,"column":30}},"63":{"start":{"line":104,"column":0},"end":{"line":112,"column":2}},"64":{"start":{"line":105,"column":2},"end":{"line":111,"column":3}},"65":{"start":{"line":106,"column":19},"end":{"line":106,"column":37}},"66":{"start":{"line":107,"column":24},"end":{"line":107,"column":64}},"67":{"start":{"line":108,"column":4},"end":{"line":108,"column":38}},"68":{"start":{"line":110,"column":4},"end":{"line":110,"column":30}},"69":{"start":{"line":115,"column":0},"end":{"line":128,"column":2}},"70":{"start":{"line":116,"column":17},"end":{"line":116,"column":36}},"71":{"start":{"line":117,"column":2},"end":{"line":119,"column":3}},"72":{"start":{"line":118,"column":4},"end":{"line":118,"column":69}},"73":{"start":{"line":121,"column":2},"end":{"line":127,"column":3}},"74":{"start":{"line":122,"column":19},"end":{"line":122,"column":55}},"75":{"start":{"line":123,"column":4},"end":{"line":123,"column":33}},"76":{"start":{"line":125,"column":4},"end":{"line":125,"column":50}},"77":{"start":{"line":126,"column":4},"end":{"line":126,"column":64}},"78":{"start":{"line":130,"column":0},"end":{"line":139,"column":2}},"79":{"start":{"line":131,"column":18},"end":{"line":131,"column":31}},"80":{"start":{"line":132,"column":20},"end":{"line":132,"column":28}},"81":{"start":{"line":133,"column":2},"end":{"line":138,"column":3}},"82":{"start":{"line":134,"column":4},"end":{"line":134,"column":54}},"83":{"start":{"line":135,"column":4},"end":{"line":135,"column":81}},"84":{"start":{"line":137,"column":4},"end":{"line":137,"column":78}}},"fnMap":{"0":{"name":"(anonymous_0)","decl":{"start":{"line":8,"column":19},"end":{"line":8,"column":20}},"loc":{"start":{"line":8,"column":39},"end":{"line":34,"column":1}},"line":8},"1":{"name":"(anonymous_1)","decl":{"start":{"line":36,"column":16},"end":{"line":36,"column":17}},"loc":{"start":{"line":36,"column":36},"end":{"line":55,"column":1}},"line":36},"2":{"name":"(anonymous_2)","decl":{"start":{"line":57,"column":22},"end":{"line":57,"column":23}},"loc":{"start":{"line":57,"column":42},"end":{"line":64,"column":1}},"line":57},"3":{"name":"(anonymous_3)","decl":{"start":{"line":65,"column":23},"end":{"line":65,"column":24}},"loc":{"start":{"line":65,"column":43},"end":{"line":72,"column":1}},"line":65},"4":{"name":"(anonymous_4)","decl":{"start":{"line":74,"column":22},"end":{"line":74,"column":23}},"loc":{"start":{"line":74,"column":42},"end":{"line":82,"column":1}},"line":74},"5":{"name":"(anonymous_5)","decl":{"start":{"line":84,"column":25},"end":{"line":84,"column":26}},"loc":{"start":{"line":84,"column":45},"end":{"line":92,"column":1}},"line":84},"6":{"name":"(anonymous_6)","decl":{"start":{"line":94,"column":27},"end":{"line":94,"column":28}},"loc":{"start":{"line":94,"column":47},"end":{"line":102,"column":1}},"line":94},"7":{"name":"(anonymous_7)","decl":{"start":{"line":104,"column":25},"end":{"line":104,"column":26}},"loc":{"start":{"line":104,"column":45},"end":{"line":112,"column":1}},"line":104},"8":{"name":"(anonymous_8)","decl":{"start":{"line":115,"column":21},"end":{"line":115,"column":22}},"loc":{"start":{"line":115,"column":41},"end":{"line":128,"column":1}},"line":115},"9":{"name":"(anonymous_9)","decl":{"start":{"line":130,"column":22},"end":{"line":130,"column":23}},"loc":{"start":{"line":130,"column":42},"end":{"line":139,"column":1}},"line":130}},"branchMap":{"0":{"loc":{"start":{"line":10,"column":2},"end":{"line":12,"column":3}},"type":"if","locations":[{"start":{"line":10,"column":2},"end":{"line":12,"column":3}},{"start":{},"end":{}}],"line":10},"1":{"loc":{"start":{"line":10,"column":6},"end":{"line":10,"column":65}},"type":"binary-expr","locations":[{"start":{"line":10,"column":6},"end":{"line":10,"column":11}},{"start":{"line":10,"column":15},"end":{"line":10,"column":21}},{"start":{"line":10,"column":25},"end":{"line":10,"column":33}},{"start":{"line":10,"column":37},"end":{"line":10,"column":43}},{"start":{"line":10,"column":47},"end":{"line":10,"column":56}},{"start":{"line":10,"column":60},"end":{"line":10,"column":65}}],"line":10},"2":{"loc":{"start":{"line":16,"column":4},"end":{"line":18,"column":5}},"type":"if","locations":[{"start":{"line":16,"column":4},"end":{"line":18,"column":5}},{"start":{},"end":{}}],"line":16},"3":{"loc":{"start":{"line":40,"column":4},"end":{"line":42,"column":5}},"type":"if","locations":[{"start":{"line":40,"column":4},"end":{"line":42,"column":5}},{"start":{},"end":{}}],"line":40},"4":{"loc":{"start":{"line":45,"column":4},"end":{"line":47,"column":5}},"type":"if","locations":[{"start":{"line":45,"column":4},"end":{"line":47,"column":5}},{"start":{},"end":{}}],"line":45},"5":{"loc":{"start":{"line":117,"column":2},"end":{"line":119,"column":3}},"type":"if","locations":[{"start":{"line":117,"column":2},"end":{"line":119,"column":3}},{"start":{},"end":{}}],"line":117}},"s":{"0":1,"1":1,"2":1,"3":1,"4":1,"5":1,"6":0,"7":0,"8":0,"9":0,"10":0,"11":0,"12":0,"13":0,"14":0,"15":0,"16":0,"17":0,"18":0,"19":0,"20":0,"21":0,"22":1,"23":0,"24":0,"25":0,"26":0,"27":0,"28":0,"29":0,"30":0,"31":0,"32":0,"33":0,"34":0,"35":1,"36":0,"37":0,"38":0,"39":0,"40":1,"41":0,"42":0,"43":0,"44":0,"45":1,"46":0,"47":0,"48":0,"49":0,"50":0,"51":1,"52":0,"53":0,"54":0,"55":0,"56":0,"57":1,"58":0,"59":0,"60":0,"61":0,"62":0,"63":1,"64":0,"65":0,"66":0,"67":0,"68":0,"69":1,"70":0,"71":0,"72":0,"73":0,"74":0,"75":0,"76":0,"77":0,"78":1,"79":0,"80":0,"81":0,"82":0,"83":0,"84":0},"f":{"0":0,"1":0,"2":0,"3":0,"4":0,"5":0,"6":0,"7":0,"8":0,"9":0},"b":{"0":[0,0],"1":[0,0,0,0,0,0],"2":[0,0],"3":[0,0],"4":[0,0],"5":[0,0]},"_coverageSchema":"1a1c01bbd47fc00a2c39e90264f33305004495a9","hash":"a8e9cead4d30aafad336f0e839921f13df20cd36"}
,"C:\\Users\\USER\\OneDrive - The University of Technology\\Documents\\Gooup1-GD3\\src\\middlewares\\authenticate.js": {"path":"C:\\Users\\USER\\OneDrive - The University of Technology\\Documents\\Gooup1-GD3\\src\\middlewares\\authenticate.js","statementMap":{"0":{"start":{"line":1,"column":12},"end":{"line":1,"column":35}},"1":{"start":{"line":2,"column":0},"end":{"line":2,"column":27}},"2":{"start":{"line":4,"column":24},"end":{"line":25,"column":1}},"3":{"start":{"line":5,"column":21},"end":{"line":5,"column":46}},"4":{"start":{"line":7,"column":2},"end":{"line":24,"column":3}},"5":{"start":{"line":8,"column":4},"end":{"line":8,"column":53}},"6":{"start":{"line":10,"column":18},"end":{"line":10,"column":42}},"7":{"start":{"line":11,"column":4},"end":{"line":11,"column":33}},"8":{"start":{"line":13,"column":4},"end":{"line":20,"column":7}},"9":{"start":{"line":14,"column":6},"end":{"line":17,"column":7}},"10":{"start":{"line":15,"column":8},"end":{"line":15,"column":52}},"11":{"start":{"line":16,"column":8},"end":{"line":16,"column":35}},"12":{"start":{"line":18,"column":6},"end":{"line":18,"column":22}},"13":{"start":{"line":19,"column":6},"end":{"line":19,"column":13}},"14":{"start":{"line":22,"column":4},"end":{"line":22,"column":49}},"15":{"start":{"line":23,"column":4},"end":{"line":23,"column":24}},"16":{"start":{"line":26,"column":23},"end":{"line":33,"column":1}},"17":{"start":{"line":27,"column":2},"end":{"line":32,"column":4}},"18":{"start":{"line":28,"column":4},"end":{"line":30,"column":5}},"19":{"start":{"line":29,"column":6},"end":{"line":29,"column":93}},"20":{"start":{"line":31,"column":4},"end":{"line":31,"column":11}},"21":{"start":{"line":35,"column":0},"end":{"line":37,"column":2}}},"fnMap":{"0":{"name":"(anonymous_0)","decl":{"start":{"line":4,"column":24},"end":{"line":4,"column":25}},"loc":{"start":{"line":4,"column":44},"end":{"line":25,"column":1}},"line":4},"1":{"name":"(anonymous_1)","decl":{"start":{"line":13,"column":46},"end":{"line":13,"column":47}},"loc":{"start":{"line":13,"column":61},"end":{"line":20,"column":5}},"line":13},"2":{"name":"(anonymous_2)","decl":{"start":{"line":26,"column":23},"end":{"line":26,"column":24}},"loc":{"start":{"line":26,"column":37},"end":{"line":33,"column":1}},"line":26},"3":{"name":"(anonymous_3)","decl":{"start":{"line":27,"column":9},"end":{"line":27,"column":10}},"loc":{"start":{"line":27,"column":29},"end":{"line":32,"column":3}},"line":27}},"branchMap":{"0":{"loc":{"start":{"line":7,"column":2},"end":{"line":24,"column":3}},"type":"if","locations":[{"start":{"line":7,"column":2},"end":{"line":24,"column":3}},{"start":{"line":21,"column":9},"end":{"line":24,"column":3}}],"line":7},"1":{"loc":{"start":{"line":14,"column":6},"end":{"line":17,"column":7}},"type":"if","locations":[{"start":{"line":14,"column":6},"end":{"line":17,"column":7}},{"start":{},"end":{}}],"line":14},"2":{"loc":{"start":{"line":28,"column":4},"end":{"line":30,"column":5}},"type":"if","locations":[{"start":{"line":28,"column":4},"end":{"line":30,"column":5}},{"start":{},"end":{}}],"line":28}},"s":{"0":1,"1":1,"2":1,"3":0,"4":0,"5":0,"6":0,"7":0,"8":0,"9":0,"10":0,"11":0,"12":0,"13":0,"14":0,"15":0,"16":1,"17":0,"18":0,"19":0,"20":0,"21":1},"f":{"0":0,"1":0,"2":0,"3":0},"b":{"0":[0,0],"1":[0,0],"2":[0,0]},"_coverageSchema":"1a1c01bbd47fc00a2c39e90264f33305004495a9","hash":"08a0666bc33a2b039b30c630ccda29b0fc389834"}
,"C:\\Users\\USER\\OneDrive - The University of Technology\\Documents\\Gooup1-GD3\\src\\models\\dbMySQL.js": {"path":"C:\\Users\\USER\\OneDrive - The University of Technology\\Documents\\Gooup1-GD3\\src\\models\\dbMySQL.js","statementMap":{"0":{"start":{"line":1,"column":14},"end":{"line":1,"column":31}},"1":{"start":{"line":3,"column":25},"end":{"line":8,"column":1}},"2":{"start":{"line":12,"column":25},"end":{"line":33,"column":1}},"3":{"start":{"line":13,"column":2},"end":{"line":13,"column":56}},"4":{"start":{"line":15,"column":2},"end":{"line":23,"column":5}},"5":{"start":{"line":16,"column":4},"end":{"line":22,"column":5}},"6":{"start":{"line":17,"column":6},"end":{"line":17,"column":47}},"7":{"start":{"line":19,"column":6},"end":{"line":19,"column":41}},"8":{"start":{"line":21,"column":6},"end":{"line":21,"column":38}},"9":{"start":{"line":25,"column":2},"end":{"line":32,"column":5}},"10":{"start":{"line":26,"column":4},"end":{"line":31,"column":5}},"11":{"start":{"line":28,"column":6},"end":{"line":28,"column":25}},"12":{"start":{"line":30,"column":6},"end":{"line":30,"column":16}},"13":{"start":{"line":36,"column":0},"end":{"line":36,"column":19}},"14":{"start":{"line":37,"column":0},"end":{"line":37,"column":28}}},"fnMap":{"0":{"name":"(anonymous_0)","decl":{"start":{"line":12,"column":25},"end":{"line":12,"column":26}},"loc":{"start":{"line":12,"column":31},"end":{"line":33,"column":1}},"line":12},"1":{"name":"(anonymous_1)","decl":{"start":{"line":15,"column":21},"end":{"line":15,"column":22}},"loc":{"start":{"line":15,"column":28},"end":{"line":23,"column":3}},"line":15},"2":{"name":"(anonymous_2)","decl":{"start":{"line":25,"column":25},"end":{"line":25,"column":26}},"loc":{"start":{"line":25,"column":32},"end":{"line":32,"column":3}},"line":25}},"branchMap":{"0":{"loc":{"start":{"line":16,"column":4},"end":{"line":22,"column":5}},"type":"if","locations":[{"start":{"line":16,"column":4},"end":{"line":22,"column":5}},{"start":{"line":20,"column":11},"end":{"line":22,"column":5}}],"line":16},"1":{"loc":{"start":{"line":26,"column":4},"end":{"line":31,"column":5}},"type":"if","locations":[{"start":{"line":26,"column":4},"end":{"line":31,"column":5}},{"start":{"line":29,"column":11},"end":{"line":31,"column":5}}],"line":26}},"s":{"0":1,"1":1,"2":1,"3":1,"4":1,"5":1,"6":0,"7":0,"8":1,"9":1,"10":0,"11":0,"12":0,"13":1,"14":1},"f":{"0":1,"1":1,"2":0},"b":{"0":[0,1],"1":[0,0]},"_coverageSchema":"1a1c01bbd47fc00a2c39e90264f33305004495a9","hash":"796950b0bb1a38c47dae95e4a265ef63f8150e3d"}
,"C:\\Users\\USER\\OneDrive - The University of Technology\\Documents\\Gooup1-GD3\\src\\routes\\upLoadFileRoutes.js": {"path":"C:\\Users\\USER\\OneDrive - The University of Technology\\Documents\\Gooup1-GD3\\src\\routes\\upLoadFileRoutes.js","statementMap":{"0":{"start":{"line":2,"column":16},"end":{"line":2,"column":34}},"1":{"start":{"line":3,"column":15},"end":{"line":3,"column":31}},"2":{"start":{"line":4,"column":15},"end":{"line":4,"column":48}},"3":{"start":{"line":5,"column":0},"end":{"line":5,"column":27}},"4":{"start":{"line":8,"column":0},"end":{"line":25,"column":3}},"5":{"start":{"line":9,"column":2},"end":{"line":17,"column":3}},"6":{"start":{"line":10,"column":4},"end":{"line":12,"column":5}},"7":{"start":{"line":11,"column":6},"end":{"line":11,"column":67}},"8":{"start":{"line":14,"column":4},"end":{"line":14,"column":93}},"9":{"start":{"line":16,"column":4},"end":{"line":16,"column":80}},"10":{"start":{"line":18,"column":19},"end":{"line":18,"column":86}},"11":{"start":{"line":20,"column":2},"end":{"line":24,"column":5}},"12":{"start":{"line":28,"column":0},"end":{"line":37,"column":3}},"13":{"start":{"line":29,"column":19},"end":{"line":29,"column":38}},"14":{"start":{"line":30,"column":19},"end":{"line":30,"column":59}},"15":{"start":{"line":32,"column":2},"end":{"line":36,"column":5}},"16":{"start":{"line":33,"column":4},"end":{"line":35,"column":5}},"17":{"start":{"line":34,"column":6},"end":{"line":34,"column":58}},"18":{"start":{"line":39,"column":0},"end":{"line":39,"column":24}}},"fnMap":{"0":{"name":"(anonymous_0)","decl":{"start":{"line":8,"column":46},"end":{"line":8,"column":47}},"loc":{"start":{"line":8,"column":60},"end":{"line":25,"column":1}},"line":8},"1":{"name":"(anonymous_1)","decl":{"start":{"line":28,"column":32},"end":{"line":28,"column":33}},"loc":{"start":{"line":28,"column":46},"end":{"line":37,"column":1}},"line":28},"2":{"name":"(anonymous_2)","decl":{"start":{"line":32,"column":25},"end":{"line":32,"column":26}},"loc":{"start":{"line":32,"column":32},"end":{"line":36,"column":3}},"line":32}},"branchMap":{"0":{"loc":{"start":{"line":10,"column":4},"end":{"line":12,"column":5}},"type":"if","locations":[{"start":{"line":10,"column":4},"end":{"line":12,"column":5}},{"start":{},"end":{}}],"line":10},"1":{"loc":{"start":{"line":33,"column":4},"end":{"line":35,"column":5}},"type":"if","locations":[{"start":{"line":33,"column":4},"end":{"line":35,"column":5}},{"start":{},"end":{}}],"line":33}},"s":{"0":1,"1":1,"2":1,"3":1,"4":1,"5":0,"6":0,"7":0,"8":0,"9":0,"10":0,"11":0,"12":1,"13":0,"14":0,"15":0,"16":0,"17":0,"18":1},"f":{"0":0,"1":0,"2":0},"b":{"0":[0,0],"1":[0,0]},"_coverageSchema":"1a1c01bbd47fc00a2c39e90264f33305004495a9","hash":"35291020dcbd555cf06f16abe6895ecb09a9edfb"}
,"C:\\Users\\USER\\OneDrive - The University of Technology\\Documents\\Gooup1-GD3\\src\\routes\\userRoutes.js": {"path":"C:\\Users\\USER\\OneDrive - The University of Technology\\Documents\\Gooup1-GD3\\src\\routes\\userRoutes.js","statementMap":{"0":{"start":{"line":1,"column":16},"end":{"line":1,"column":34}},"1":{"start":{"line":2,"column":23},"end":{"line":2,"column":63}},"2":{"start":{"line":3,"column":41},"end":{"line":3,"column":79}},"3":{"start":{"line":4,"column":15},"end":{"line":4,"column":31}},"4":{"start":{"line":5,"column":17},"end":{"line":5,"column":46}},"5":{"start":{"line":6,"column":12},"end":{"line":6,"column":35}},"6":{"start":{"line":7,"column":32},"end":{"line":7,"column":73}},"7":{"start":{"line":8,"column":21},"end":{"line":8,"column":50}},"8":{"start":{"line":9,"column":0},"end":{"line":25,"column":3}},"9":{"start":{"line":10,"column":2},"end":{"line":24,"column":21}},"10":{"start":{"line":11,"column":4},"end":{"line":13,"column":5}},"11":{"start":{"line":12,"column":6},"end":{"line":12,"column":23}},"12":{"start":{"line":14,"column":4},"end":{"line":16,"column":5}},"13":{"start":{"line":15,"column":6},"end":{"line":15,"column":79}},"14":{"start":{"line":17,"column":4},"end":{"line":23,"column":7}},"15":{"start":{"line":18,"column":6},"end":{"line":20,"column":7}},"16":{"start":{"line":19,"column":8},"end":{"line":19,"column":25}},"17":{"start":{"line":21,"column":20},"end":{"line":21,"column":132}},"18":{"start":{"line":22,"column":6},"end":{"line":22,"column":66}},"19":{"start":{"line":29,"column":0},"end":{"line":29,"column":50}},"20":{"start":{"line":30,"column":0},"end":{"line":30,"column":67}},"21":{"start":{"line":32,"column":0},"end":{"line":32,"column":57}},"22":{"start":{"line":33,"column":0},"end":{"line":33,"column":72}},"23":{"start":{"line":34,"column":0},"end":{"line":34,"column":78}},"24":{"start":{"line":35,"column":0},"end":{"line":35,"column":82}},"25":{"start":{"line":36,"column":0},"end":{"line":36,"column":78}},"26":{"start":{"line":39,"column":0},"end":{"line":39,"column":83}},"27":{"start":{"line":40,"column":0},"end":{"line":40,"column":76}},"28":{"start":{"line":63,"column":0},"end":{"line":63,"column":24}}},"fnMap":{"0":{"name":"(anonymous_0)","decl":{"start":{"line":9,"column":22},"end":{"line":9,"column":23}},"loc":{"start":{"line":9,"column":42},"end":{"line":25,"column":1}},"line":9},"1":{"name":"(anonymous_1)","decl":{"start":{"line":10,"column":53},"end":{"line":10,"column":54}},"loc":{"start":{"line":10,"column":74},"end":{"line":24,"column":3}},"line":10},"2":{"name":"(anonymous_2)","decl":{"start":{"line":17,"column":40},"end":{"line":17,"column":41}},"loc":{"start":{"line":17,"column":49},"end":{"line":23,"column":5}},"line":17}},"branchMap":{"0":{"loc":{"start":{"line":11,"column":4},"end":{"line":13,"column":5}},"type":"if","locations":[{"start":{"line":11,"column":4},"end":{"line":13,"column":5}},{"start":{},"end":{}}],"line":11},"1":{"loc":{"start":{"line":14,"column":4},"end":{"line":16,"column":5}},"type":"if","locations":[{"start":{"line":14,"column":4},"end":{"line":16,"column":5}},{"start":{},"end":{}}],"line":14},"2":{"loc":{"start":{"line":18,"column":6},"end":{"line":20,"column":7}},"type":"if","locations":[{"start":{"line":18,"column":6},"end":{"line":20,"column":7}},{"start":{},"end":{}}],"line":18}},"s":{"0":1,"1":1,"2":1,"3":1,"4":1,"5":1,"6":1,"7":1,"8":1,"9":0,"10":0,"11":0,"12":0,"13":0,"14":0,"15":0,"16":0,"17":0,"18":0,"19":1,"20":1,"21":1,"22":1,"23":1,"24":1,"25":1,"26":1,"27":1,"28":1},"f":{"0":0,"1":0,"2":0},"b":{"0":[0,0],"1":[0,0],"2":[0,0]},"_coverageSchema":"1a1c01bbd47fc00a2c39e90264f33305004495a9","hash":"7601fe0878e1aa984f38e8cc8ced217e7be39307"}
,"C:\\Users\\USER\\OneDrive - The University of Technology\\Documents\\Gooup1-GD3\\src\\services\\emailService.js": {"path":"C:\\Users\\USER\\OneDrive - The University of Technology\\Documents\\Gooup1-GD3\\src\\services\\emailService.js","statementMap":{"0":{"start":{"line":1,"column":19},"end":{"line":1,"column":40}},"1":{"start":{"line":2,"column":0},"end":{"line":2,"column":27}},"2":{"start":{"line":4,"column":25},"end":{"line":33,"column":1}},"3":{"start":{"line":5,"column":22},"end":{"line":13,"column":6}},"4":{"start":{"line":15,"column":4},"end":{"line":32,"column":5}},"5":{"start":{"line":16,"column":17},"end":{"line":25,"column":8}},"6":{"start":{"line":26,"column":6},"end":{"line":26,"column":54}},"7":{"start":{"line":27,"column":2},"end":{"line":27,"column":69}},"8":{"start":{"line":28,"column":8},"end":{"line":28,"column":20}},"9":{"start":{"line":30,"column":8},"end":{"line":30,"column":53}},"10":{"start":{"line":31,"column":8},"end":{"line":31,"column":20}},"11":{"start":{"line":35,"column":0},"end":{"line":37,"column":2}}},"fnMap":{"0":{"name":"(anonymous_0)","decl":{"start":{"line":4,"column":25},"end":{"line":4,"column":26}},"loc":{"start":{"line":4,"column":48},"end":{"line":33,"column":1}},"line":4}},"branchMap":{},"s":{"0":1,"1":1,"2":1,"3":0,"4":0,"5":0,"6":0,"7":0,"8":0,"9":0,"10":0,"11":1},"f":{"0":0},"b":{},"_coverageSchema":"1a1c01bbd47fc00a2c39e90264f33305004495a9","hash":"db1e839721014d905ba1b68bbf72a978847f29b2"}
,"C:\\Users\\USER\\OneDrive - The University of Technology\\Documents\\Gooup1-GD3\\src\\services\\userService.js": {"path":"C:\\Users\\USER\\OneDrive - The University of Technology\\Documents\\Gooup1-GD3\\src\\services\\userService.js","statementMap":{"0":{"start":{"line":1,"column":19},"end":{"line":1,"column":47}},"1":{"start":{"line":2,"column":20},"end":{"line":2,"column":46}},"2":{"start":{"line":3,"column":25},"end":{"line":39,"column":1}},"3":{"start":{"line":4,"column":2},"end":{"line":38,"column":5}},"4":{"start":{"line":5,"column":53},"end":{"line":5,"column":61}},"5":{"start":{"line":8,"column":4},"end":{"line":37,"column":6}},"6":{"start":{"line":12,"column":8},"end":{"line":14,"column":9}},"7":{"start":{"line":13,"column":10},"end":{"line":13,"column":29}},"8":{"start":{"line":16,"column":8},"end":{"line":35,"column":9}},"9":{"start":{"line":18,"column":10},"end":{"line":18,"column":37}},"10":{"start":{"line":21,"column":26},"end":{"line":25,"column":11}},"11":{"start":{"line":27,"column":10},"end":{"line":34,"column":13}},"12":{"start":{"line":28,"column":12},"end":{"line":30,"column":13}},"13":{"start":{"line":29,"column":14},"end":{"line":29,"column":33}},"14":{"start":{"line":32,"column":12},"end":{"line":32,"column":41}},"15":{"start":{"line":33,"column":12},"end":{"line":33,"column":29}},"16":{"start":{"line":41,"column":20},"end":{"line":49,"column":1}},"17":{"start":{"line":42,"column":2},"end":{"line":48,"column":3}},"18":{"start":{"line":43,"column":19},"end":{"line":43,"column":101}},"19":{"start":{"line":44,"column":4},"end":{"line":44,"column":19}},"20":{"start":{"line":46,"column":4},"end":{"line":46,"column":60}},"21":{"start":{"line":47,"column":4},"end":{"line":47,"column":16}},"22":{"start":{"line":51,"column":22},"end":{"line":59,"column":1}},"23":{"start":{"line":52,"column":2},"end":{"line":58,"column":3}},"24":{"start":{"line":53,"column":19},"end":{"line":53,"column":101}},"25":{"start":{"line":54,"column":4},"end":{"line":54,"column":19}},"26":{"start":{"line":56,"column":4},"end":{"line":56,"column":63}},"27":{"start":{"line":57,"column":4},"end":{"line":57,"column":16}},"28":{"start":{"line":61,"column":19},"end":{"line":76,"column":1}},"29":{"start":{"line":62,"column":2},"end":{"line":75,"column":3}},"30":{"start":{"line":63,"column":60},"end":{"line":63,"column":64}},"31":{"start":{"line":64,"column":4},"end":{"line":66,"column":5}},"32":{"start":{"line":65,"column":6},"end":{"line":65,"column":61}},"33":{"start":{"line":68,"column":4},"end":{"line":71,"column":6}},"34":{"start":{"line":73,"column":4},"end":{"line":73,"column":52}},"35":{"start":{"line":74,"column":4},"end":{"line":74,"column":16}},"36":{"start":{"line":78,"column":20},"end":{"line":96,"column":1}},"37":{"start":{"line":79,"column":2},"end":{"line":95,"column":5}},"38":{"start":{"line":80,"column":4},"end":{"line":94,"column":7}},"39":{"start":{"line":81,"column":6},"end":{"line":84,"column":7}},"40":{"start":{"line":82,"column":8},"end":{"line":82,"column":52}},"41":{"start":{"line":83,"column":8},"end":{"line":83,"column":27}},"42":{"start":{"line":85,"column":6},"end":{"line":85,"column":51}},"43":{"start":{"line":86,"column":26},"end":{"line":92,"column":9}},"44":{"start":{"line":86,"column":47},"end":{"line":92,"column":7}},"45":{"start":{"line":93,"column":6},"end":{"line":93,"column":27}},"46":{"start":{"line":116,"column":21},"end":{"line":151,"column":1}},"47":{"start":{"line":117,"column":2},"end":{"line":150,"column":3}},"48":{"start":{"line":118,"column":4},"end":{"line":118,"column":52}},"49":{"start":{"line":119,"column":17},"end":{"line":119,"column":52}},"50":{"start":{"line":121,"column":4},"end":{"line":146,"column":5}},"51":{"start":{"line":122,"column":6},"end":{"line":122,"column":53}},"52":{"start":{"line":123,"column":6},"end":{"line":123,"column":30}},"53":{"start":{"line":125,"column":6},"end":{"line":125,"column":60}},"54":{"start":{"line":126,"column":22},"end":{"line":134,"column":8}},"55":{"start":{"line":127,"column":8},"end":{"line":133,"column":11}},"56":{"start":{"line":128,"column":10},"end":{"line":131,"column":11}},"57":{"start":{"line":129,"column":12},"end":{"line":129,"column":56}},"58":{"start":{"line":130,"column":12},"end":{"line":130,"column":31}},"59":{"start":{"line":132,"column":10},"end":{"line":132,"column":27}},"60":{"start":{"line":136,"column":26},"end":{"line":141,"column":9}},"61":{"start":{"line":136,"column":48},"end":{"line":141,"column":7}},"62":{"start":{"line":143,"column":6},"end":{"line":143,"column":79}},"63":{"start":{"line":144,"column":6},"end":{"line":144,"column":42}},"64":{"start":{"line":145,"column":6},"end":{"line":145,"column":25}},"65":{"start":{"line":148,"column":4},"end":{"line":148,"column":51}},"66":{"start":{"line":149,"column":4},"end":{"line":149,"column":16}},"67":{"start":{"line":153,"column":20},"end":{"line":162,"column":1}},"68":{"start":{"line":154,"column":2},"end":{"line":161,"column":5}},"69":{"start":{"line":155,"column":4},"end":{"line":160,"column":7}},"70":{"start":{"line":156,"column":6},"end":{"line":158,"column":7}},"71":{"start":{"line":157,"column":8},"end":{"line":157,"column":27}},"72":{"start":{"line":159,"column":6},"end":{"line":159,"column":26}},"73":{"start":{"line":164,"column":23},"end":{"line":182,"column":1}},"74":{"start":{"line":165,"column":2},"end":{"line":181,"column":5}},"75":{"start":{"line":166,"column":4},"end":{"line":180,"column":6}},"76":{"start":{"line":175,"column":8},"end":{"line":177,"column":9}},"77":{"start":{"line":176,"column":10},"end":{"line":176,"column":29}},"78":{"start":{"line":178,"column":8},"end":{"line":178,"column":25}},"79":{"start":{"line":184,"column":25},"end":{"line":200,"column":1}},"80":{"start":{"line":185,"column":2},"end":{"line":199,"column":5}},"81":{"start":{"line":186,"column":4},"end":{"line":198,"column":6}},"82":{"start":{"line":193,"column":8},"end":{"line":195,"column":9}},"83":{"start":{"line":194,"column":10},"end":{"line":194,"column":29}},"84":{"start":{"line":196,"column":8},"end":{"line":196,"column":28}},"85":{"start":{"line":202,"column":23},"end":{"line":218,"column":1}},"86":{"start":{"line":203,"column":2},"end":{"line":217,"column":5}},"87":{"start":{"line":204,"column":4},"end":{"line":216,"column":6}},"88":{"start":{"line":211,"column":8},"end":{"line":213,"column":9}},"89":{"start":{"line":212,"column":10},"end":{"line":212,"column":29}},"90":{"start":{"line":214,"column":8},"end":{"line":214,"column":25}},"91":{"start":{"line":220,"column":20},"end":{"line":230,"column":1}},"92":{"start":{"line":221,"column":16},"end":{"line":221,"column":78}},"93":{"start":{"line":222,"column":2},"end":{"line":229,"column":5}},"94":{"start":{"line":223,"column":4},"end":{"line":228,"column":5}},"95":{"start":{"line":224,"column":6},"end":{"line":224,"column":51}},"96":{"start":{"line":225,"column":6},"end":{"line":225,"column":28}},"97":{"start":{"line":227,"column":6},"end":{"line":227,"column":39}},"98":{"start":{"line":232,"column":19},"end":{"line":249,"column":1}},"99":{"start":{"line":233,"column":2},"end":{"line":248,"column":3}},"100":{"start":{"line":234,"column":64},"end":{"line":234,"column":68}},"101":{"start":{"line":235,"column":4},"end":{"line":237,"column":5}},"102":{"start":{"line":236,"column":6},"end":{"line":236,"column":61}},"103":{"start":{"line":239,"column":4},"end":{"line":242,"column":6}},"104":{"start":{"line":244,"column":4},"end":{"line":244,"column":26}},"105":{"start":{"line":246,"column":4},"end":{"line":246,"column":47}},"106":{"start":{"line":247,"column":4},"end":{"line":247,"column":16}},"107":{"start":{"line":250,"column":19},"end":{"line":265,"column":1}},"108":{"start":{"line":251,"column":2},"end":{"line":253,"column":3}},"109":{"start":{"line":252,"column":4},"end":{"line":252,"column":51}},"110":{"start":{"line":255,"column":2},"end":{"line":264,"column":3}},"111":{"start":{"line":256,"column":22},"end":{"line":256,"column":106}},"112":{"start":{"line":257,"column":4},"end":{"line":259,"column":5}},"113":{"start":{"line":258,"column":6},"end":{"line":258,"column":50}},"114":{"start":{"line":260,"column":4},"end":{"line":260,"column":60}},"115":{"start":{"line":262,"column":4},"end":{"line":262,"column":52}},"116":{"start":{"line":263,"column":4},"end":{"line":263,"column":16}},"117":{"start":{"line":267,"column":20},"end":{"line":278,"column":1}},"118":{"start":{"line":268,"column":2},"end":{"line":277,"column":3}},"119":{"start":{"line":269,"column":39},"end":{"line":269,"column":48}},"120":{"start":{"line":270,"column":4},"end":{"line":273,"column":6}},"121":{"start":{"line":275,"column":4},"end":{"line":275,"column":56}},"122":{"start":{"line":276,"column":4},"end":{"line":276,"column":16}},"123":{"start":{"line":279,"column":0},"end":{"line":294,"column":2}}},"fnMap":{"0":{"name":"(anonymous_0)","decl":{"start":{"line":3,"column":25},"end":{"line":3,"column":26}},"loc":{"start":{"line":3,"column":45},"end":{"line":39,"column":1}},"line":3},"1":{"name":"(anonymous_1)","decl":{"start":{"line":4,"column":21},"end":{"line":4,"column":22}},"loc":{"start":{"line":4,"column":42},"end":{"line":38,"column":3}},"line":4},"2":{"name":"(anonymous_2)","decl":{"start":{"line":11,"column":6},"end":{"line":11,"column":7}},"loc":{"start":{"line":11,"column":24},"end":{"line":36,"column":7}},"line":11},"3":{"name":"(anonymous_3)","decl":{"start":{"line":27,"column":63},"end":{"line":27,"column":64}},"loc":{"start":{"line":27,"column":80},"end":{"line":34,"column":11}},"line":27},"4":{"name":"(anonymous_4)","decl":{"start":{"line":41,"column":20},"end":{"line":41,"column":21}},"loc":{"start":{"line":41,"column":34},"end":{"line":49,"column":1}},"line":41},"5":{"name":"(anonymous_5)","decl":{"start":{"line":51,"column":22},"end":{"line":51,"column":23}},"loc":{"start":{"line":51,"column":39},"end":{"line":59,"column":1}},"line":51},"6":{"name":"(anonymous_6)","decl":{"start":{"line":61,"column":19},"end":{"line":61,"column":20}},"loc":{"start":{"line":61,"column":35},"end":{"line":76,"column":1}},"line":61},"7":{"name":"(anonymous_7)","decl":{"start":{"line":78,"column":20},"end":{"line":78,"column":21}},"loc":{"start":{"line":78,"column":26},"end":{"line":96,"column":1}},"line":78},"8":{"name":"(anonymous_8)","decl":{"start":{"line":79,"column":21},"end":{"line":79,"column":22}},"loc":{"start":{"line":79,"column":42},"end":{"line":95,"column":3}},"line":79},"9":{"name":"(anonymous_9)","decl":{"start":{"line":80,"column":44},"end":{"line":80,"column":45}},"loc":{"start":{"line":80,"column":62},"end":{"line":94,"column":5}},"line":80},"10":{"name":"(anonymous_10)","decl":{"start":{"line":86,"column":38},"end":{"line":86,"column":39}},"loc":{"start":{"line":86,"column":47},"end":{"line":92,"column":7}},"line":86},"11":{"name":"(anonymous_11)","decl":{"start":{"line":116,"column":21},"end":{"line":116,"column":22}},"loc":{"start":{"line":116,"column":33},"end":{"line":151,"column":1}},"line":116},"12":{"name":"(anonymous_12)","decl":{"start":{"line":126,"column":40},"end":{"line":126,"column":41}},"loc":{"start":{"line":126,"column":61},"end":{"line":134,"column":7}},"line":126},"13":{"name":"(anonymous_13)","decl":{"start":{"line":127,"column":49},"end":{"line":127,"column":50}},"loc":{"start":{"line":127,"column":67},"end":{"line":133,"column":9}},"line":127},"14":{"name":"(anonymous_14)","decl":{"start":{"line":136,"column":38},"end":{"line":136,"column":39}},"loc":{"start":{"line":136,"column":48},"end":{"line":141,"column":7}},"line":136},"15":{"name":"(anonymous_15)","decl":{"start":{"line":153,"column":20},"end":{"line":153,"column":21}},"loc":{"start":{"line":153,"column":32},"end":{"line":162,"column":1}},"line":153},"16":{"name":"(anonymous_16)","decl":{"start":{"line":154,"column":21},"end":{"line":154,"column":22}},"loc":{"start":{"line":154,"column":42},"end":{"line":161,"column":3}},"line":154},"17":{"name":"(anonymous_17)","decl":{"start":{"line":155,"column":99},"end":{"line":155,"column":100}},"loc":{"start":{"line":155,"column":117},"end":{"line":160,"column":5}},"line":155},"18":{"name":"(anonymous_18)","decl":{"start":{"line":164,"column":23},"end":{"line":164,"column":24}},"loc":{"start":{"line":164,"column":35},"end":{"line":182,"column":1}},"line":164},"19":{"name":"(anonymous_19)","decl":{"start":{"line":165,"column":21},"end":{"line":165,"column":22}},"loc":{"start":{"line":165,"column":42},"end":{"line":181,"column":3}},"line":165},"20":{"name":"(anonymous_20)","decl":{"start":{"line":174,"column":6},"end":{"line":174,"column":7}},"loc":{"start":{"line":174,"column":24},"end":{"line":179,"column":7}},"line":174},"21":{"name":"(anonymous_21)","decl":{"start":{"line":184,"column":25},"end":{"line":184,"column":26}},"loc":{"start":{"line":184,"column":44},"end":{"line":200,"column":1}},"line":184},"22":{"name":"(anonymous_22)","decl":{"start":{"line":185,"column":21},"end":{"line":185,"column":22}},"loc":{"start":{"line":185,"column":42},"end":{"line":199,"column":3}},"line":185},"23":{"name":"(anonymous_23)","decl":{"start":{"line":192,"column":6},"end":{"line":192,"column":7}},"loc":{"start":{"line":192,"column":24},"end":{"line":197,"column":7}},"line":192},"24":{"name":"(anonymous_24)","decl":{"start":{"line":202,"column":23},"end":{"line":202,"column":24}},"loc":{"start":{"line":202,"column":35},"end":{"line":218,"column":1}},"line":202},"25":{"name":"(anonymous_25)","decl":{"start":{"line":203,"column":21},"end":{"line":203,"column":22}},"loc":{"start":{"line":203,"column":42},"end":{"line":217,"column":3}},"line":203},"26":{"name":"(anonymous_26)","decl":{"start":{"line":210,"column":6},"end":{"line":210,"column":7}},"loc":{"start":{"line":210,"column":24},"end":{"line":215,"column":7}},"line":210},"27":{"name":"(anonymous_27)","decl":{"start":{"line":220,"column":20},"end":{"line":220,"column":21}},"loc":{"start":{"line":220,"column":33},"end":{"line":230,"column":1}},"line":220},"28":{"name":"(anonymous_28)","decl":{"start":{"line":222,"column":20},"end":{"line":222,"column":21}},"loc":{"start":{"line":222,"column":40},"end":{"line":229,"column":3}},"line":222},"29":{"name":"(anonymous_29)","decl":{"start":{"line":232,"column":19},"end":{"line":232,"column":20}},"loc":{"start":{"line":232,"column":35},"end":{"line":249,"column":1}},"line":232},"30":{"name":"(anonymous_30)","decl":{"start":{"line":250,"column":19},"end":{"line":250,"column":20}},"loc":{"start":{"line":250,"column":37},"end":{"line":265,"column":1}},"line":250},"31":{"name":"(anonymous_31)","decl":{"start":{"line":267,"column":20},"end":{"line":267,"column":21}},"loc":{"start":{"line":267,"column":50},"end":{"line":278,"column":1}},"line":267}},"branchMap":{"0":{"loc":{"start":{"line":12,"column":8},"end":{"line":14,"column":9}},"type":"if","locations":[{"start":{"line":12,"column":8},"end":{"line":14,"column":9}},{"start":{},"end":{}}],"line":12},"1":{"loc":{"start":{"line":16,"column":8},"end":{"line":35,"column":9}},"type":"if","locations":[{"start":{"line":16,"column":8},"end":{"line":35,"column":9}},{"start":{"line":19,"column":15},"end":{"line":35,"column":9}}],"line":16},"2":{"loc":{"start":{"line":28,"column":12},"end":{"line":30,"column":13}},"type":"if","locations":[{"start":{"line":28,"column":12},"end":{"line":30,"column":13}},{"start":{},"end":{}}],"line":28},"3":{"loc":{"start":{"line":64,"column":4},"end":{"line":66,"column":5}},"type":"if","locations":[{"start":{"line":64,"column":4},"end":{"line":66,"column":5}},{"start":{},"end":{}}],"line":64},"4":{"loc":{"start":{"line":64,"column":8},"end":{"line":64,"column":67}},"type":"binary-expr","locations":[{"start":{"line":64,"column":8},"end":{"line":64,"column":13}},{"start":{"line":64,"column":17},"end":{"line":64,"column":23}},{"start":{"line":64,"column":27},"end":{"line":64,"column":35}},{"start":{"line":64,"column":39},"end":{"line":64,"column":45}},{"start":{"line":64,"column":49},"end":{"line":64,"column":58}},{"start":{"line":64,"column":62},"end":{"line":64,"column":67}}],"line":64},"5":{"loc":{"start":{"line":81,"column":6},"end":{"line":84,"column":7}},"type":"if","locations":[{"start":{"line":81,"column":6},"end":{"line":84,"column":7}},{"start":{},"end":{}}],"line":81},"6":{"loc":{"start":{"line":121,"column":4},"end":{"line":146,"column":5}},"type":"if","locations":[{"start":{"line":121,"column":4},"end":{"line":146,"column":5}},{"start":{"line":124,"column":11},"end":{"line":146,"column":5}}],"line":121},"7":{"loc":{"start":{"line":128,"column":10},"end":{"line":131,"column":11}},"type":"if","locations":[{"start":{"line":128,"column":10},"end":{"line":131,"column":11}},{"start":{},"end":{}}],"line":128},"8":{"loc":{"start":{"line":156,"column":6},"end":{"line":158,"column":7}},"type":"if","locations":[{"start":{"line":156,"column":6},"end":{"line":158,"column":7}},{"start":{},"end":{}}],"line":156},"9":{"loc":{"start":{"line":175,"column":8},"end":{"line":177,"column":9}},"type":"if","locations":[{"start":{"line":175,"column":8},"end":{"line":177,"column":9}},{"start":{},"end":{}}],"line":175},"10":{"loc":{"start":{"line":193,"column":8},"end":{"line":195,"column":9}},"type":"if","locations":[{"start":{"line":193,"column":8},"end":{"line":195,"column":9}},{"start":{},"end":{}}],"line":193},"11":{"loc":{"start":{"line":211,"column":8},"end":{"line":213,"column":9}},"type":"if","locations":[{"start":{"line":211,"column":8},"end":{"line":213,"column":9}},{"start":{},"end":{}}],"line":211},"12":{"loc":{"start":{"line":223,"column":4},"end":{"line":228,"column":5}},"type":"if","locations":[{"start":{"line":223,"column":4},"end":{"line":228,"column":5}},{"start":{"line":226,"column":11},"end":{"line":228,"column":5}}],"line":223},"13":{"loc":{"start":{"line":235,"column":4},"end":{"line":237,"column":5}},"type":"if","locations":[{"start":{"line":235,"column":4},"end":{"line":237,"column":5}},{"start":{},"end":{}}],"line":235},"14":{"loc":{"start":{"line":235,"column":8},"end":{"line":235,"column":74}},"type":"binary-expr","locations":[{"start":{"line":235,"column":8},"end":{"line":235,"column":13}},{"start":{"line":235,"column":17},"end":{"line":235,"column":23}},{"start":{"line":235,"column":27},"end":{"line":235,"column":32}},{"start":{"line":235,"column":36},"end":{"line":235,"column":41}},{"start":{"line":235,"column":45},"end":{"line":235,"column":51}},{"start":{"line":235,"column":55},"end":{"line":235,"column":62}},{"start":{"line":235,"column":66},"end":{"line":235,"column":74}}],"line":235},"15":{"loc":{"start":{"line":251,"column":2},"end":{"line":253,"column":3}},"type":"if","locations":[{"start":{"line":251,"column":2},"end":{"line":253,"column":3}},{"start":{},"end":{}}],"line":251},"16":{"loc":{"start":{"line":257,"column":4},"end":{"line":259,"column":5}},"type":"if","locations":[{"start":{"line":257,"column":4},"end":{"line":259,"column":5}},{"start":{},"end":{}}],"line":257}},"s":{"0":1,"1":1,"2":1,"3":0,"4":0,"5":0,"6":0,"7":0,"8":0,"9":0,"10":0,"11":0,"12":0,"13":0,"14":0,"15":0,"16":1,"17":0,"18":0,"19":0,"20":0,"21":0,"22":1,"23":0,"24":0,"25":0,"26":0,"27":0,"28":1,"29":0,"30":0,"31":0,"32":0,"33":0,"34":0,"35":0,"36":1,"37":0,"38":0,"39":0,"40":0,"41":0,"42":0,"43":0,"44":0,"45":0,"46":1,"47":0,"48":0,"49":0,"50":0,"51":0,"52":0,"53":0,"54":0,"55":0,"56":0,"57":0,"58":0,"59":0,"60":0,"61":0,"62":0,"63":0,"64":0,"65":0,"66":0,"67":1,"68":0,"69":0,"70":0,"71":0,"72":0,"73":1,"74":0,"75":0,"76":0,"77":0,"78":0,"79":1,"80":0,"81":0,"82":0,"83":0,"84":0,"85":1,"86":0,"87":0,"88":0,"89":0,"90":0,"91":1,"92":0,"93":0,"94":0,"95":0,"96":0,"97":0,"98":1,"99":0,"100":0,"101":0,"102":0,"103":0,"104":0,"105":0,"106":0,"107":1,"108":0,"109":0,"110":0,"111":0,"112":0,"113":0,"114":0,"115":0,"116":0,"117":1,"118":0,"119":0,"120":0,"121":0,"122":0,"123":1},"f":{"0":0,"1":0,"2":0,"3":0,"4":0,"5":0,"6":0,"7":0,"8":0,"9":0,"10":0,"11":0,"12":0,"13":0,"14":0,"15":0,"16":0,"17":0,"18":0,"19":0,"20":0,"21":0,"22":0,"23":0,"24":0,"25":0,"26":0,"27":0,"28":0,"29":0,"30":0,"31":0},"b":{"0":[0,0],"1":[0,0],"2":[0,0],"3":[0,0],"4":[0,0,0,0,0,0],"5":[0,0],"6":[0,0],"7":[0,0],"8":[0,0],"9":[0,0],"10":[0,0],"11":[0,0],"12":[0,0],"13":[0,0],"14":[0,0,0,0,0,0,0],"15":[0,0],"16":[0,0]},"_coverageSchema":"1a1c01bbd47fc00a2c39e90264f33305004495a9","hash":"bd8ca14491606dad3cde8cc4a60156b0ada50761"}
,"C:\\Users\\USER\\OneDrive - The University of Technology\\Documents\\Gooup1-GD3\\src\\tests\\H56_upLoadFile.js": {"path":"C:\\Users\\USER\\OneDrive - The University of Technology\\Documents\\Gooup1-GD3\\src\\tests\\H56_upLoadFile.js","statementMap":{"0":{"start":{"line":2,"column":16},"end":{"line":2,"column":34}},"1":{"start":{"line":3,"column":13},"end":{"line":3,"column":44}},"2":{"start":{"line":4,"column":19},"end":{"line":4,"column":41}},"3":{"start":{"line":5,"column":16},"end":{"line":5,"column":42}},"4":{"start":{"line":6,"column":17},"end":{"line":6,"column":46}},"5":{"start":{"line":9,"column":0},"end":{"line":9,"column":27}},"6":{"start":{"line":10,"column":12},"end":{"line":10,"column":21}},"7":{"start":{"line":12,"column":0},"end":{"line":16,"column":4}},"8":{"start":{"line":17,"column":0},"end":{"line":17,"column":52}},"9":{"start":{"line":18,"column":0},"end":{"line":18,"column":27}},"10":{"start":{"line":20,"column":0},"end":{"line":20,"column":31}},"11":{"start":{"line":21,"column":0},"end":{"line":21,"column":28}},"12":{"start":{"line":23,"column":0},"end":{"line":23,"column":25}},"13":{"start":{"line":24,"column":13},"end":{"line":24,"column":37}},"14":{"start":{"line":25,"column":0},"end":{"line":27,"column":3}},"15":{"start":{"line":26,"column":2},"end":{"line":26,"column":69}},"16":{"start":{"line":28,"column":0},"end":{"line":28,"column":21}}},"fnMap":{"0":{"name":"(anonymous_0)","decl":{"start":{"line":25,"column":17},"end":{"line":25,"column":18}},"loc":{"start":{"line":25,"column":23},"end":{"line":27,"column":1}},"line":25}},"branchMap":{"0":{"loc":{"start":{"line":24,"column":13},"end":{"line":24,"column":37}},"type":"binary-expr","locations":[{"start":{"line":24,"column":13},"end":{"line":24,"column":29}},{"start":{"line":24,"column":33},"end":{"line":24,"column":37}}],"line":24}},"s":{"0":1,"1":1,"2":1,"3":1,"4":1,"5":1,"6":1,"7":1,"8":1,"9":1,"10":1,"11":1,"12":1,"13":1,"14":1,"15":1,"16":1},"f":{"0":1},"b":{"0":[1,0]},"_coverageSchema":"1a1c01bbd47fc00a2c39e90264f33305004495a9","hash":"d5caf35c936f1c919d20a03a1f68a3c3b4ad8ea5"}
}
